[2026-06-28 20:47:54] [INFO] Pipeline stages: ['clean', 'attack', 'defense', 'benign', 'eval']
[2026-06-28 20:47:54] [INFO] ============================================================
[2026-06-28 20:47:54] [INFO] [Stage 0] CLEAN TRAINING — encoder+decoder only
[2026-06-28 20:47:54] [INFO] ============================================================
[2026-06-28 20:47:54] [INFO]   [Freeze Policy] Stage 0: train=['encoder', 'decoder', 'channel'], freeze=['attack_suite', 'defense_stack', 'benign_gate']
[2026-06-28 20:48:03] [INFO]   Epoch 1/20: MSE=0.056257
[2026-06-28 20:48:12] [INFO]   Epoch 2/20: MSE=0.017047
[2026-06-28 20:48:21] [INFO]   Epoch 3/20: MSE=0.013611
[2026-06-28 20:48:30] [INFO]   Epoch 4/20: MSE=0.011676
[2026-06-28 20:48:38] [INFO]   Epoch 5/20: MSE=0.010181
[2026-06-28 20:48:47] [INFO]   Epoch 6/20: MSE=0.008836
[2026-06-28 20:48:56] [INFO]   Epoch 7/20: MSE=0.007515
[2026-06-28 20:49:05] [INFO]   Epoch 8/20: MSE=0.006373
[2026-06-28 20:49:13] [INFO]   Epoch 9/20: MSE=0.005801
[2026-06-28 20:49:22] [INFO]   Epoch 10/20: MSE=0.005113
[2026-06-28 20:49:31] [INFO]   Epoch 11/20: MSE=0.004584
[2026-06-28 20:49:40] [INFO]   Epoch 12/20: MSE=0.004112
[2026-06-28 20:49:49] [INFO]   Epoch 13/20: MSE=0.003629
[2026-06-28 20:49:57] [INFO]   Epoch 14/20: MSE=0.003153
[2026-06-28 20:50:06] [INFO]   Epoch 15/20: MSE=0.002851
[2026-06-28 20:50:15] [INFO]   Epoch 16/20: MSE=0.003763
[2026-06-28 20:50:24] [INFO]   Epoch 17/20: MSE=0.002655
[2026-06-28 20:50:32] [INFO]   Epoch 18/20: MSE=0.002163
[2026-06-28 20:50:41] [INFO]   Epoch 19/20: MSE=0.001942
[2026-06-28 20:50:50] [INFO]   Epoch 20/20: MSE=0.001823
[2026-06-28 20:50:58] [INFO]   PSNR check: 27.56 dB (threshold: 30.0 dB)
[2026-06-28 20:50:58] [WARNING]   WARNING: PSNR 27.56 < 30.0 dB — consider more epochs or lower LR
[2026-06-28 20:50:58] [INFO] ============================================================
[2026-06-28 20:50:58] [INFO] [Stage 1] ATTACK TRAINING — BidirectionalAttackLoss (drift+flip+cycle)
[2026-06-28 20:50:58] [INFO]   λ_drift=0.1, λ_flip=0.05, λ_cycle=0.2, α∈(0.05, 0.15)
[2026-06-28 20:50:58] [INFO] ============================================================
[2026-06-28 20:50:58] [INFO]   [Freeze Policy] Stage 1: train=['decoder', 'attack_suite'], freeze=['encoder', 'defense_stack', 'benign_gate']
[2026-06-28 20:50:58] [INFO]   Initializing direction bank from clean data...
