[2026-06-28 20:59:12] [INFO] Pipeline stages: ['clean', 'attack', 'defense', 'benign', 'eval']
[2026-06-28 20:59:12] [INFO] ============================================================
[2026-06-28 20:59:12] [INFO] [Stage 0] CLEAN TRAINING — encoder+decoder only
[2026-06-28 20:59:12] [INFO] ============================================================
[2026-06-28 20:59:12] [INFO]   [Freeze Policy] Stage 0: train=['encoder', 'decoder', 'channel'], freeze=['attack_suite', 'defense_stack', 'benign_gate']
[2026-06-28 20:59:22] [INFO]   Epoch 1/20: MSE=0.056257
[2026-06-28 20:59:30] [INFO]   Epoch 2/20: MSE=0.017047
[2026-06-28 20:59:39] [INFO]   Epoch 3/20: MSE=0.013611
[2026-06-28 20:59:48] [INFO]   Epoch 4/20: MSE=0.011676
[2026-06-28 20:59:57] [INFO]   Epoch 5/20: MSE=0.010181
[2026-06-28 21:00:06] [INFO]   Epoch 6/20: MSE=0.008836
[2026-06-28 21:00:15] [INFO]   Epoch 7/20: MSE=0.007515
[2026-06-28 21:00:24] [INFO]   Epoch 8/20: MSE=0.006373
[2026-06-28 21:00:32] [INFO]   Epoch 9/20: MSE=0.005801
[2026-06-28 21:00:41] [INFO]   Epoch 10/20: MSE=0.005113
[2026-06-28 21:00:50] [INFO]   Epoch 11/20: MSE=0.004584
[2026-06-28 21:00:59] [INFO]   Epoch 12/20: MSE=0.004112
[2026-06-28 21:01:08] [INFO]   Epoch 13/20: MSE=0.003629
[2026-06-28 21:01:16] [INFO]   Epoch 14/20: MSE=0.003153
[2026-06-28 21:01:25] [INFO]   Epoch 15/20: MSE=0.002851
[2026-06-28 21:01:34] [INFO]   Epoch 16/20: MSE=0.003762
[2026-06-28 21:01:43] [INFO]   Epoch 17/20: MSE=0.002655
[2026-06-28 21:01:52] [INFO]   Epoch 18/20: MSE=0.002162
[2026-06-28 21:02:26] [INFO]   Epoch 19/20: MSE=0.001942
[2026-06-28 21:03:01] [INFO]   Epoch 20/20: MSE=0.001823
[2026-06-28 21:03:34] [INFO]   PSNR check: 27.56 dB (threshold: 30.0 dB)
[2026-06-28 21:03:34] [WARNING]   WARNING: PSNR 27.56 < 30.0 dB — consider more epochs or lower LR
[2026-06-28 21:03:34] [INFO] ============================================================
[2026-06-28 21:03:34] [INFO] [Stage 1] ATTACK TRAINING — BidirectionalAttackLoss (drift+flip+cycle)
[2026-06-28 21:03:34] [INFO]   λ_drift=0.1, λ_flip=0.05, λ_cycle=0.2, α∈(0.05, 0.15)
[2026-06-28 21:03:34] [INFO] ============================================================
[2026-06-28 21:03:34] [INFO]   [Freeze Policy] Stage 1: train=['decoder', 'attack_suite'], freeze=['encoder', 'defense_stack', 'benign_gate']
[2026-06-28 21:03:34] [INFO]   Initializing direction bank from clean data...
[2026-06-28 21:04:08] [INFO]   Direction bank ready: mil=1084, civ=260, neu=0, |mil|=1.00, |civ|=1.00
[2026-06-28 21:04:53] [INFO]   Epoch 1/15: total=0.036966, recon=0.003355, drift=0.0770, flip=0.5102, cycle=0.0020, ASR=0.4%, α=0.050
[2026-06-28 21:05:16] [INFO]   Epoch 2/15: total=0.030223, recon=0.002812, drift=0.0222, flip=0.4989, cycle=0.0012, ASR=0.6%, α=0.060
[2026-06-28 21:05:31] [INFO]   Epoch 3/15: total=0.029185, recon=0.002625, drift=0.0134, flip=0.5003, cycle=0.0010, ASR=0.0%, α=0.070
[2026-06-28 21:05:56] [INFO]   Epoch 4/15: total=0.028715, recon=0.002223, drift=0.0134, flip=0.5000, cycle=0.0008, ASR=0.0%, α=0.080
[2026-06-28 21:06:07] [INFO]   Epoch 5/15: total=0.028704, recon=0.002235, drift=0.0130, flip=0.5002, cycle=0.0008, ASR=0.0%, α=0.090
[2026-06-28 21:06:18] [INFO]   Epoch 6/15: total=0.028454, recon=0.002064, drift=0.0124, flip=0.5003, cycle=0.0007, ASR=0.0%, α=0.100
[2026-06-28 21:06:29] [INFO]   Epoch 7/15: total=0.028798, recon=0.002276, drift=0.0134, flip=0.5002, cycle=0.0009, ASR=0.5%, α=0.110
[2026-06-28 21:06:41] [INFO]   Epoch 8/15: total=0.028474, recon=0.002054, drift=0.0127, flip=0.5003, cycle=0.0007, ASR=0.0%, α=0.120
[2026-06-28 21:06:52] [INFO]   Epoch 9/15: total=0.028558, recon=0.002083, drift=0.0131, flip=0.5003, cycle=0.0007, ASR=0.0%, α=0.130
[2026-06-28 21:07:03] [INFO]   Epoch 10/15: total=0.028879, recon=0.002359, drift=0.0130, flip=0.5005, cycle=0.0010, ASR=0.7%, α=0.140
[2026-06-28 21:07:15] [INFO]   Epoch 11/15: total=0.028338, recon=0.001946, drift=0.0125, flip=0.5003, cycle=0.0006, ASR=0.0%, α=0.150
[2026-06-28 21:07:26] [INFO]   Epoch 12/15: total=0.028060, recon=0.001831, drift=0.0110, flip=0.5003, cycle=0.0006, ASR=0.0%, α=0.150
[2026-06-28 21:07:37] [INFO]   Epoch 13/15: total=0.027986, recon=0.001838, drift=0.0102, flip=0.5003, cycle=0.0006, ASR=0.0%, α=0.150
[2026-06-28 21:07:49] [INFO]   Epoch 14/15: total=0.027803, recon=0.001774, drift=0.0091, flip=0.5002, cycle=0.0006, ASR=0.0%, α=0.150
[2026-06-28 21:08:00] [INFO]   Epoch 15/15: total=0.027842, recon=0.001756, drift=0.0096, flip=0.5002, cycle=0.0006, ASR=0.0%, α=0.150
[2026-06-28 21:08:00] [WARNING]   ⚠ ASR 0.0% < 85% — attack may be too weak, defense training will have no adversary!
[2026-06-28 21:08:00] [INFO] ============================================================
[2026-06-28 21:08:00] [INFO] [Stage 2] DEFENSE TRAINING — 3-block loss (rec+adv+c3 regression)
[2026-06-28 21:08:00] [INFO]   λ_adv=1.0, λ_c3=2.0
[2026-06-28 21:08:00] [INFO] ============================================================
[2026-06-28 21:08:00] [INFO]   [Freeze Policy] Stage 2: train=['defense_stack', 'decoder'], freeze=['encoder', 'attack_suite', 'benign_gate']
[2026-06-28 21:08:02] [INFO]   C3 τ_fusion = 0.5142 (calibrated on clean data)
[2026-06-28 21:08:19] [INFO]   Epoch 1/10: total=0.678153, rec=0.038632, adv=0.045986, c3=0.296767 | ASR=78.5% | S_clean=0.493, S_attack=0.493
[2026-06-28 21:08:34] [INFO]   Epoch 2/10: total=0.660524, rec=0.012933, adv=0.009353, c3=0.319119 | ASR=34.0% | S_clean=0.460, S_attack=0.459
[2026-06-28 21:08:50] [INFO]   Epoch 3/10: total=0.655587, rec=0.007460, adv=0.007043, c3=0.320542 | ASR=22.2% | S_clean=0.458, S_attack=0.457
[2026-06-28 21:09:06] [INFO]   Epoch 4/10: total=0.650679, rec=0.006051, adv=0.005313, c3=0.319658 | ASR=12.4% | S_clean=0.459, S_attack=0.458
[2026-06-28 21:09:21] [INFO]   Epoch 5/10: total=0.647962, rec=0.005566, adv=0.004435, c3=0.318980 | ASR=8.5% | S_clean=0.459, S_attack=0.459
[2026-06-28 21:09:37] [INFO]   Epoch 6/10: total=0.646039, rec=0.005170, adv=0.004002, c3=0.318434 | ASR=6.5% | S_clean=0.460, S_attack=0.460
[2026-06-28 21:09:53] [INFO]   Epoch 7/10: total=0.644329, rec=0.004872, adv=0.003730, c3=0.317863 | ASR=4.8% | S_clean=0.461, S_attack=0.460
[2026-06-28 21:10:10] [INFO]   Epoch 8/10: total=0.642427, rec=0.004607, adv=0.003444, c3=0.317188 | ASR=2.7% | S_clean=0.462, S_attack=0.461
[2026-06-28 21:10:25] [INFO]   Epoch 9/10: total=0.640534, rec=0.004361, adv=0.003211, c3=0.316481 | ASR=1.9% | S_clean=0.462, S_attack=0.462
[2026-06-28 21:10:41] [INFO]   Epoch 10/10: total=0.638713, rec=0.004123, adv=0.003002, c3=0.315794 | ASR=1.2% | S_clean=0.463, S_attack=0.463
[2026-06-28 21:10:50] [INFO]   Convergence Check:
[2026-06-28 21:10:50] [INFO]     PSNR=24.0 dB ✗ (target ≥28)
[2026-06-28 21:10:50] [INFO]     ASR=1.2% ✓ (target <10%)
[2026-06-28 21:10:50] [INFO]     C3 clean=0.463 ✗ (target <0.4)
[2026-06-28 21:10:50] [INFO]     C3 attack=0.463 ✗ (target >0.7)
[2026-06-28 21:10:50] [INFO] ============================================================
[2026-06-28 21:10:50] [INFO] [Stage 3] BENIGN TRAINING — freeze encoder+attack, train benign_gate
[2026-06-28 21:10:50] [INFO] ============================================================
[2026-06-28 21:10:50] [INFO]   [Freeze Policy] Stage 3: train=['benign_gate'], freeze=['encoder', 'attack_suite', 'defense_stack']
[2026-06-28 21:11:26] [INFO]   Epoch 1/5: total=0.005205, clean=0.002599, attack=0.002606, benign=0.000000, mc=0.000000
[2026-06-28 21:12:03] [INFO]   Epoch 2/5: total=0.003858, clean=0.001922, attack=0.001936, benign=0.000000, mc=0.000000
[2026-06-28 21:12:35] [INFO]   Epoch 3/5: total=0.003703, clean=0.001846, attack=0.001857, benign=0.000000, mc=0.000000
[2026-06-28 21:13:09] [INFO]   Epoch 4/5: total=0.003612, clean=0.001799, attack=0.001814, benign=0.000000, mc=0.000000
[2026-06-28 21:13:45] [INFO]   Epoch 5/5: total=0.003556, clean=0.001774, attack=0.001782, benign=0.000000, mc=0.000000
[2026-06-28 21:14:02] [INFO]   Benign-C3 false positive rate: 0.2% (target: < 5%)
[2026-06-28 21:14:02] [INFO]   Benign mode stats: {'normal': 0.15125000476837158, 'safe': 0.0, 'high_precision': 0.8487500548362732, 'total': 8000.0}
[2026-06-28 21:14:02] [INFO] ============================================================
[2026-06-28 21:14:02] [INFO] [Stage 4] EVALUATION ONLY — all modules frozen
[2026-06-28 21:14:02] [INFO] ============================================================
[2026-06-28 21:14:02] [INFO]   [Freeze Policy] Stage 4: train=[], freeze=['encoder', 'decoder', 'attack_suite', 'defense_stack', 'benign_gate']
